Analysis & Synthesis report for kirsch
Wed Jul 23 13:12:05 2014
Quartus II Version 9.0 Build 132 02/25/2009 SJ Full Version


---------------------
; Table of Contents ;
---------------------
  1. Legal Notice
  2. Analysis & Synthesis Summary
  3. Analysis & Synthesis Settings
  4. Analysis & Synthesis Source Files Read
  5. Analysis & Synthesis Resource Usage Summary
  6. Analysis & Synthesis Resource Utilization by Entity
  7. Analysis & Synthesis RAM Summary
  8. General Register Statistics
  9. Source assignments for ram_dq_8_0:Generate_mem_0_u_mem0_mem|altsyncram:ix64056z29481|altsyncram_jpg2:auto_generated
 10. Source assignments for ram_dq_8_1:Generate_mem_1_u_mem0_mem|altsyncram:ix64056z29482|altsyncram_jpg2:auto_generated
 11. Source assignments for ram_dq_8_2:Generate_mem_2_u_mem0_mem|altsyncram:ix64056z29483|altsyncram_jpg2:auto_generated
 12. Parameter Settings for User Entity Instance: ram_dq_8_0:Generate_mem_0_u_mem0_mem|altsyncram:ix64056z29481
 13. Parameter Settings for User Entity Instance: ram_dq_8_1:Generate_mem_1_u_mem0_mem|altsyncram:ix64056z29482
 14. Parameter Settings for User Entity Instance: ram_dq_8_2:Generate_mem_2_u_mem0_mem|altsyncram:ix64056z29483
 15. altsyncram Parameter Settings by Entity Instance
 16. Analysis & Synthesis Messages



----------------
; Legal Notice ;
----------------
Copyright (C) 1991-2009 Altera Corporation
Your use of Altera Corporation's design tools, logic functions 
and other software and tools, and its AMPP partner logic 
functions, and any output files from any of the foregoing 
(including device programming or simulation files), and any 
associated documentation or information are expressly subject 
to the terms and conditions of the Altera Program License 
Subscription Agreement, Altera MegaCore Function License 
Agreement, or other applicable license agreement, including, 
without limitation, that your use is for the sole purpose of 
programming logic devices manufactured by Altera and sold by 
Altera or its authorized distributors.  Please refer to the 
applicable agreement for further details.



+-------------------------------------------------------------------------------+
; Analysis & Synthesis Summary                                                  ;
+------------------------------------+------------------------------------------+
; Analysis & Synthesis Status        ; Successful - Wed Jul 23 13:12:05 2014    ;
; Quartus II Version                 ; 9.0 Build 132 02/25/2009 SJ Full Version ;
; Revision Name                      ; kirsch                                   ;
; Top-level Entity Name              ; kirsch                                   ;
; Family                             ; Cyclone II                               ;
; Total logic elements               ; 446                                      ;
;     Total combinational functions  ; 274                                      ;
;     Dedicated logic registers      ; 307                                      ;
; Total registers                    ; 307                                      ;
; Total pins                         ; 95                                       ;
; Total virtual pins                 ; 0                                        ;
; Total memory bits                  ; 6,144                                    ;
; Embedded Multiplier 9-bit elements ; 0                                        ;
; Total PLLs                         ; 0                                        ;
+------------------------------------+------------------------------------------+


+----------------------------------------------------------------------------------------------------------+
; Analysis & Synthesis Settings                                                                            ;
+----------------------------------------------------------------+--------------------+--------------------+
; Option                                                         ; Setting            ; Default Value      ;
+----------------------------------------------------------------+--------------------+--------------------+
; Top-level entity name                                          ; kirsch             ; kirsch             ;
; Family name                                                    ; CycloneII          ; Stratix II         ;
; Auto Shift Register Replacement                                ; Off                ; Auto               ;
; Use smart compilation                                          ; Off                ; Off                ;
; Restructure Multiplexers                                       ; Auto               ; Auto               ;
; Create Debugging Nodes for IP Cores                            ; Off                ; Off                ;
; Preserve fewer node names                                      ; On                 ; On                 ;
; Disable OpenCore Plus hardware evaluation                      ; Off                ; Off                ;
; Verilog Version                                                ; Verilog_2001       ; Verilog_2001       ;
; VHDL Version                                                   ; VHDL93             ; VHDL93             ;
; State Machine Processing                                       ; Auto               ; Auto               ;
; Safe State Machine                                             ; Off                ; Off                ;
; Extract Verilog State Machines                                 ; On                 ; On                 ;
; Extract VHDL State Machines                                    ; On                 ; On                 ;
; Ignore Verilog initial constructs                              ; Off                ; Off                ;
; Iteration limit for constant Verilog loops                     ; 5000               ; 5000               ;
; Iteration limit for non-constant Verilog loops                 ; 250                ; 250                ;
; Add Pass-Through Logic to Inferred RAMs                        ; On                 ; On                 ;
; Parallel Synthesis                                             ; Off                ; Off                ;
; DSP Block Balancing                                            ; Auto               ; Auto               ;
; NOT Gate Push-Back                                             ; On                 ; On                 ;
; Power-Up Don't Care                                            ; On                 ; On                 ;
; Remove Redundant Logic Cells                                   ; Off                ; Off                ;
; Remove Duplicate Registers                                     ; On                 ; On                 ;
; Ignore CARRY Buffers                                           ; Off                ; Off                ;
; Ignore CASCADE Buffers                                         ; Off                ; Off                ;
; Ignore GLOBAL Buffers                                          ; Off                ; Off                ;
; Ignore ROW GLOBAL Buffers                                      ; Off                ; Off                ;
; Ignore LCELL Buffers                                           ; Off                ; Off                ;
; Ignore SOFT Buffers                                            ; On                 ; On                 ;
; Limit AHDL Integers to 32 Bits                                 ; Off                ; Off                ;
; Optimization Technique                                         ; Balanced           ; Balanced           ;
; Carry Chain Length                                             ; 70                 ; 70                 ;
; Auto Carry Chains                                              ; On                 ; On                 ;
; Auto Open-Drain Pins                                           ; On                 ; On                 ;
; Perform WYSIWYG Primitive Resynthesis                          ; Off                ; Off                ;
; Auto ROM Replacement                                           ; On                 ; On                 ;
; Auto RAM Replacement                                           ; On                 ; On                 ;
; Auto Clock Enable Replacement                                  ; On                 ; On                 ;
; Strict RAM Replacement                                         ; Off                ; Off                ;
; Allow Synchronous Control Signals                              ; On                 ; On                 ;
; Force Use of Synchronous Clear Signals                         ; Off                ; Off                ;
; Auto RAM to Logic Cell Conversion                              ; Off                ; Off                ;
; Auto Resource Sharing                                          ; Off                ; Off                ;
; Allow Any RAM Size For Recognition                             ; Off                ; Off                ;
; Allow Any ROM Size For Recognition                             ; Off                ; Off                ;
; Allow Any Shift Register Size For Recognition                  ; Off                ; Off                ;
; Use LogicLock Constraints during Resource Balancing            ; On                 ; On                 ;
; Ignore translate_off and synthesis_off directives              ; Off                ; Off                ;
; Timing-Driven Synthesis                                        ; Off                ; Off                ;
; Show Parameter Settings Tables in Synthesis Report             ; On                 ; On                 ;
; Ignore Maximum Fan-Out Assignments                             ; Off                ; Off                ;
; Synchronization Register Chain Length                          ; 2                  ; 2                  ;
; PowerPlay Power Optimization                                   ; Normal compilation ; Normal compilation ;
; HDL message level                                              ; Level2             ; Level2             ;
; Suppress Register Optimization Related Messages                ; Off                ; Off                ;
; Number of Removed Registers Reported in Synthesis Report       ; 100                ; 100                ;
; Number of Inverted Registers Reported in Synthesis Report      ; 100                ; 100                ;
; Clock MUX Protection                                           ; On                 ; On                 ;
; Auto Gated Clock Conversion                                    ; Off                ; Off                ;
; Block Design Naming                                            ; Auto               ; Auto               ;
; SDC constraint protection                                      ; Off                ; Off                ;
; Synthesis Effort                                               ; Auto               ; Auto               ;
; Allows Asynchronous Clear Usage For Shift Register Replacement ; On                 ; On                 ;
; Analysis & Synthesis Message Level                             ; Medium             ; Medium             ;
+----------------------------------------------------------------+--------------------+--------------------+


+----------------------------------------------------------------------------------------------------------------------------------------------------------+
; Analysis & Synthesis Source Files Read                                                                                                                   ;
+----------------------------------+-----------------+------------------------------+----------------------------------------------------------------------+
; File Name with User-Entered Path ; Used in Netlist ; File Type                    ; File Name with Absolute Path                                         ;
+----------------------------------+-----------------+------------------------------+----------------------------------------------------------------------+
; kirsch_logic.edf                 ; yes             ; User EDIF File               ; /home/dchopra/proj_two/uw_tmp/kirsch_logic.edf                       ;
; altsyncram.tdf                   ; yes             ; Megafunction                 ; /opt/altera9.0/quartus/libraries/megafunctions/altsyncram.tdf        ;
; stratix_ram_block.inc            ; yes             ; Megafunction                 ; /opt/altera9.0/quartus/libraries/megafunctions/stratix_ram_block.inc ;
; lpm_mux.inc                      ; yes             ; Megafunction                 ; /opt/altera9.0/quartus/libraries/megafunctions/lpm_mux.inc           ;
; lpm_decode.inc                   ; yes             ; Megafunction                 ; /opt/altera9.0/quartus/libraries/megafunctions/lpm_decode.inc        ;
; aglobal90.inc                    ; yes             ; Megafunction                 ; /opt/altera9.0/quartus/libraries/megafunctions/aglobal90.inc         ;
; a_rdenreg.inc                    ; yes             ; Megafunction                 ; /opt/altera9.0/quartus/libraries/megafunctions/a_rdenreg.inc         ;
; altrom.inc                       ; yes             ; Megafunction                 ; /opt/altera9.0/quartus/libraries/megafunctions/altrom.inc            ;
; altram.inc                       ; yes             ; Megafunction                 ; /opt/altera9.0/quartus/libraries/megafunctions/altram.inc            ;
; altdpram.inc                     ; yes             ; Megafunction                 ; /opt/altera9.0/quartus/libraries/megafunctions/altdpram.inc          ;
; altqpram.inc                     ; yes             ; Megafunction                 ; /opt/altera9.0/quartus/libraries/megafunctions/altqpram.inc          ;
; db/altsyncram_jpg2.tdf           ; yes             ; Auto-Generated Megafunction  ; /home/dchopra/proj_two/uw_tmp/db/altsyncram_jpg2.tdf                 ;
+----------------------------------+-----------------+------------------------------+----------------------------------------------------------------------+


+-------------------------------------------------------+
; Analysis & Synthesis Resource Usage Summary           ;
+---------------------------------------------+---------+
; Resource                                    ; Usage   ;
+---------------------------------------------+---------+
; Estimated Total logic elements              ; 446     ;
;                                             ;         ;
; Total combinational functions               ; 274     ;
; Logic element usage by number of LUT inputs ;         ;
;     -- 4 input functions                    ; 47      ;
;     -- 3 input functions                    ; 167     ;
;     -- <=2 input functions                  ; 60      ;
;                                             ;         ;
; Logic elements by mode                      ;         ;
;     -- normal mode                          ; 118     ;
;     -- arithmetic mode                      ; 156     ;
;                                             ;         ;
; Total registers                             ; 307     ;
;     -- Dedicated logic registers            ; 307     ;
;     -- I/O registers                        ; 0       ;
;                                             ;         ;
; I/O pins                                    ; 95      ;
; Total memory bits                           ; 6144    ;
; Maximum fan-out node                        ; i_clock ;
; Maximum fan-out                             ; 331     ;
; Total fan-out                               ; 2179    ;
; Average fan-out                             ; 3.11    ;
+---------------------------------------------+---------+


+--------------------------------------------------------------------------------------------------------------------------------------------------------------------------------------------------------------------------------------------------------------------------------+
; Analysis & Synthesis Resource Utilization by Entity                                                                                                                                                                                                                            ;
+----------------------------------------------+-------------------+--------------+-------------+--------------+---------+-----------+------+--------------+------------------------------------------------------------------------------------------------------+--------------+
; Compilation Hierarchy Node                   ; LC Combinationals ; LC Registers ; Memory Bits ; DSP Elements ; DSP 9x9 ; DSP 18x18 ; Pins ; Virtual Pins ; Full Hierarchy Name                                                                                  ; Library Name ;
+----------------------------------------------+-------------------+--------------+-------------+--------------+---------+-----------+------+--------------+------------------------------------------------------------------------------------------------------+--------------+
; |kirsch                                      ; 274 (98)          ; 307 (291)    ; 6144        ; 0            ; 0       ; 0         ; 95   ; 0            ; |kirsch                                                                                              ; work         ;
;    |add_10_0:r14_add10_8i3|                  ; 11 (11)           ; 0 (0)        ; 0           ; 0            ; 0       ; 0         ; 0    ; 0            ; |kirsch|add_10_0:r14_add10_8i3                                                                       ; OPERATORS    ;
;    |add_11_0:x_r12_add11_8i4|                ; 12 (12)           ; 0 (0)        ; 0           ; 0            ; 0       ; 0         ; 0    ; 0            ; |kirsch|add_11_0:x_r12_add11_8i4                                                                     ; OPERATORS    ;
;    |add_12_0:x_r22_add12_8i1|                ; 12 (12)           ; 0 (0)        ; 0           ; 0            ; 0       ; 0         ; 0    ; 0            ; |kirsch|add_12_0:x_r22_add12_8i1                                                                     ; OPERATORS    ;
;    |add_8_0:r2_add8_6i49|                    ; 9 (9)             ; 0 (0)        ; 0           ; 0            ; 0       ; 0         ; 0    ; 0            ; |kirsch|add_8_0:r2_add8_6i49                                                                         ; OPERATORS    ;
;    |add_9_0:x_r3_add9_7i9|                   ; 10 (10)           ; 0 (0)        ; 0           ; 0            ; 0       ; 0         ; 0    ; 0            ; |kirsch|add_9_0:x_r3_add9_7i9                                                                        ; OPERATORS    ;
;    |add_9_1:b_d1_add9_7i10|                  ; 10 (10)           ; 0 (0)        ; 0           ; 0            ; 0       ; 0         ; 0    ; 0            ; |kirsch|add_9_1:b_d1_add9_7i10                                                                       ; OPERATORS    ;
;    |add_9_2:r16_add9_7i11|                   ; 10 (10)           ; 0 (0)        ; 0           ; 0            ; 0       ; 0         ; 0    ; 0            ; |kirsch|add_9_2:r16_add9_7i11                                                                        ; OPERATORS    ;
;    |add_9_3:x_r6_add9_8i2|                   ; 10 (10)           ; 0 (0)        ; 0           ; 0            ; 0       ; 0         ; 0    ; 0            ; |kirsch|add_9_3:x_r6_add9_8i2                                                                        ; OPERATORS    ;
;    |gt_10_0:ix17266z52808|                   ; 10 (10)           ; 0 (0)        ; 0           ; 0            ; 0       ; 0         ; 0    ; 0            ; |kirsch|gt_10_0:ix17266z52808                                                                        ; OPERATORS    ;
;    |gt_10_1:ix42030z52807|                   ; 10 (10)           ; 0 (0)        ; 0           ; 0            ; 0       ; 0         ; 0    ; 0            ; |kirsch|gt_10_1:ix42030z52807                                                                        ; OPERATORS    ;
;    |gt_10_2:ix23013z52805|                   ; 10 (10)           ; 0 (0)        ; 0           ; 0            ; 0       ; 0         ; 0    ; 0            ; |kirsch|gt_10_2:ix23013z52805                                                                        ; OPERATORS    ;
;    |gt_8_0:ix250z18831|                      ; 8 (8)             ; 0 (0)        ; 0           ; 0            ; 0       ; 0         ; 0    ; 0            ; |kirsch|gt_8_0:ix250z18831                                                                           ; OPERATORS    ;
;    |gt_8_1:ix27953z18832|                    ; 8 (8)             ; 0 (0)        ; 0           ; 0            ; 0       ; 0         ; 0    ; 0            ; |kirsch|gt_8_1:ix27953z18832                                                                         ; OPERATORS    ;
;    |gt_8_2:ix7380z18833|                     ; 9 (9)             ; 0 (0)        ; 0           ; 0            ; 0       ; 0         ; 0    ; 0            ; |kirsch|gt_8_2:ix7380z18833                                                                          ; OPERATORS    ;
;    |gt_8_3:ix48448z18833|                    ; 8 (8)             ; 0 (0)        ; 0           ; 0            ; 0       ; 0         ; 0    ; 0            ; |kirsch|gt_8_3:ix48448z18833                                                                         ; OPERATORS    ;
;    |modgen_counter_8_0:modgen_counter_col|   ; 8 (8)             ; 8 (8)        ; 0           ; 0            ; 0       ; 0         ; 0    ; 0            ; |kirsch|modgen_counter_8_0:modgen_counter_col                                                        ; OPERATORS    ;
;    |modgen_counter_8_1:modgen_counter_o_row| ; 9 (9)             ; 8 (8)        ; 0           ; 0            ; 0       ; 0         ; 0    ; 0            ; |kirsch|modgen_counter_8_1:modgen_counter_o_row                                                      ; OPERATORS    ;
;    |ram_dq_8_0:Generate_mem_0_u_mem0_mem|    ; 0 (0)             ; 0 (0)        ; 2048        ; 0            ; 0       ; 0         ; 0    ; 0            ; |kirsch|ram_dq_8_0:Generate_mem_0_u_mem0_mem                                                         ; OPERATORS    ;
;       |altsyncram:ix64056z29481|             ; 0 (0)             ; 0 (0)        ; 2048        ; 0            ; 0       ; 0         ; 0    ; 0            ; |kirsch|ram_dq_8_0:Generate_mem_0_u_mem0_mem|altsyncram:ix64056z29481                                ; work         ;
;          |altsyncram_jpg2:auto_generated|    ; 0 (0)             ; 0 (0)        ; 2048        ; 0            ; 0       ; 0         ; 0    ; 0            ; |kirsch|ram_dq_8_0:Generate_mem_0_u_mem0_mem|altsyncram:ix64056z29481|altsyncram_jpg2:auto_generated ; work         ;
;    |ram_dq_8_1:Generate_mem_1_u_mem0_mem|    ; 0 (0)             ; 0 (0)        ; 2048        ; 0            ; 0       ; 0         ; 0    ; 0            ; |kirsch|ram_dq_8_1:Generate_mem_1_u_mem0_mem                                                         ; OPERATORS    ;
;       |altsyncram:ix64056z29482|             ; 0 (0)             ; 0 (0)        ; 2048        ; 0            ; 0       ; 0         ; 0    ; 0            ; |kirsch|ram_dq_8_1:Generate_mem_1_u_mem0_mem|altsyncram:ix64056z29482                                ; work         ;
;          |altsyncram_jpg2:auto_generated|    ; 0 (0)             ; 0 (0)        ; 2048        ; 0            ; 0       ; 0         ; 0    ; 0            ; |kirsch|ram_dq_8_1:Generate_mem_1_u_mem0_mem|altsyncram:ix64056z29482|altsyncram_jpg2:auto_generated ; work         ;
;    |ram_dq_8_2:Generate_mem_2_u_mem0_mem|    ; 0 (0)             ; 0 (0)        ; 2048        ; 0            ; 0       ; 0         ; 0    ; 0            ; |kirsch|ram_dq_8_2:Generate_mem_2_u_mem0_mem                                                         ; OPERATORS    ;
;       |altsyncram:ix64056z29483|             ; 0 (0)             ; 0 (0)        ; 2048        ; 0            ; 0       ; 0         ; 0    ; 0            ; |kirsch|ram_dq_8_2:Generate_mem_2_u_mem0_mem|altsyncram:ix64056z29483                                ; work         ;
;          |altsyncram_jpg2:auto_generated|    ; 0 (0)             ; 0 (0)        ; 2048        ; 0            ; 0       ; 0         ; 0    ; 0            ; |kirsch|ram_dq_8_2:Generate_mem_2_u_mem0_mem|altsyncram:ix64056z29483|altsyncram_jpg2:auto_generated ; work         ;
;    |sub_12_0:r17_sub13_10i1|                 ; 12 (12)           ; 0 (0)        ; 0           ; 0            ; 0       ; 0         ; 0    ; 0            ; |kirsch|sub_12_0:r17_sub13_10i1                                                                      ; OPERATORS    ;
+----------------------------------------------+-------------------+--------------+-------------+--------------+---------+-----------+------+--------------+------------------------------------------------------------------------------------------------------+--------------+
Note: For table entries with two numbers listed, the numbers in parentheses indicate the number of resources of the given type used by the specific entity alone. The numbers listed outside of parentheses indicate the total resources of the given type used by the specific entity and all of its sub-entities in the hierarchy.


+--------------------------------------------------------------------------------------------------------------------------------------------------------------------------------------------------------+
; Analysis & Synthesis RAM Summary                                                                                                                                                                       ;
+---------------------------------------------------------------------------------------------------------+------+-------------+--------------+--------------+--------------+--------------+------+------+
; Name                                                                                                    ; Type ; Mode        ; Port A Depth ; Port A Width ; Port B Depth ; Port B Width ; Size ; MIF  ;
+---------------------------------------------------------------------------------------------------------+------+-------------+--------------+--------------+--------------+--------------+------+------+
; ram_dq_8_0:Generate_mem_0_u_mem0_mem|altsyncram:ix64056z29481|altsyncram_jpg2:auto_generated|ALTSYNCRAM ; AUTO ; Single Port ; 256          ; 8            ; --           ; --           ; 2048 ; None ;
; ram_dq_8_1:Generate_mem_1_u_mem0_mem|altsyncram:ix64056z29482|altsyncram_jpg2:auto_generated|ALTSYNCRAM ; AUTO ; Single Port ; 256          ; 8            ; --           ; --           ; 2048 ; None ;
; ram_dq_8_2:Generate_mem_2_u_mem0_mem|altsyncram:ix64056z29483|altsyncram_jpg2:auto_generated|ALTSYNCRAM ; AUTO ; Single Port ; 256          ; 8            ; --           ; --           ; 2048 ; None ;
+---------------------------------------------------------------------------------------------------------+------+-------------+--------------+--------------+--------------+--------------+------+------+


+------------------------------------------------------+
; General Register Statistics                          ;
+----------------------------------------------+-------+
; Statistic                                    ; Value ;
+----------------------------------------------+-------+
; Total registers                              ; 307   ;
; Number of registers using Synchronous Clear  ; 38    ;
; Number of registers using Synchronous Load   ; 83    ;
; Number of registers using Asynchronous Clear ; 0     ;
; Number of registers using Asynchronous Load  ; 0     ;
; Number of registers using Clock Enable       ; 294   ;
; Number of registers using Preset             ; 0     ;
+----------------------------------------------+-------+


+---------------------------------------------------------------------------------------------------------------------+
; Source assignments for ram_dq_8_0:Generate_mem_0_u_mem0_mem|altsyncram:ix64056z29481|altsyncram_jpg2:auto_generated ;
+---------------------------------+--------------------+------+-------------------------------------------------------+
; Assignment                      ; Value              ; From ; To                                                    ;
+---------------------------------+--------------------+------+-------------------------------------------------------+
; OPTIMIZE_POWER_DURING_SYNTHESIS ; NORMAL_COMPILATION ; -    ; -                                                     ;
+---------------------------------+--------------------+------+-------------------------------------------------------+


+---------------------------------------------------------------------------------------------------------------------+
; Source assignments for ram_dq_8_1:Generate_mem_1_u_mem0_mem|altsyncram:ix64056z29482|altsyncram_jpg2:auto_generated ;
+---------------------------------+--------------------+------+-------------------------------------------------------+
; Assignment                      ; Value              ; From ; To                                                    ;
+---------------------------------+--------------------+------+-------------------------------------------------------+
; OPTIMIZE_POWER_DURING_SYNTHESIS ; NORMAL_COMPILATION ; -    ; -                                                     ;
+---------------------------------+--------------------+------+-------------------------------------------------------+


+---------------------------------------------------------------------------------------------------------------------+
; Source assignments for ram_dq_8_2:Generate_mem_2_u_mem0_mem|altsyncram:ix64056z29483|altsyncram_jpg2:auto_generated ;
+---------------------------------+--------------------+------+-------------------------------------------------------+
; Assignment                      ; Value              ; From ; To                                                    ;
+---------------------------------+--------------------+------+-------------------------------------------------------+
; OPTIMIZE_POWER_DURING_SYNTHESIS ; NORMAL_COMPILATION ; -    ; -                                                     ;
+---------------------------------+--------------------+------+-------------------------------------------------------+


+------------------------------------------------------------------------------------------------------------+
; Parameter Settings for User Entity Instance: ram_dq_8_0:Generate_mem_0_u_mem0_mem|altsyncram:ix64056z29481 ;
+------------------------------------+----------------------+------------------------------------------------+
; Parameter Name                     ; Value                ; Type                                           ;
+------------------------------------+----------------------+------------------------------------------------+
; BYTE_SIZE_BLOCK                    ; 8                    ; Untyped                                        ;
; AUTO_CARRY_CHAINS                  ; ON                   ; AUTO_CARRY                                     ;
; IGNORE_CARRY_BUFFERS               ; OFF                  ; IGNORE_CARRY                                   ;
; AUTO_CASCADE_CHAINS                ; ON                   ; AUTO_CASCADE                                   ;
; IGNORE_CASCADE_BUFFERS             ; OFF                  ; IGNORE_CASCADE                                 ;
; WIDTH_BYTEENA                      ; 1                    ; Untyped                                        ;
; OPERATION_MODE                     ; SINGLE_PORT          ; Untyped                                        ;
; WIDTH_A                            ; 8                    ; Untyped                                        ;
; WIDTHAD_A                          ; 8                    ; Untyped                                        ;
; NUMWORDS_A                         ; 256                  ; Untyped                                        ;
; OUTDATA_REG_A                      ; UNREGISTERED         ; Untyped                                        ;
; ADDRESS_ACLR_A                     ; NONE                 ; Untyped                                        ;
; OUTDATA_ACLR_A                     ; NONE                 ; Untyped                                        ;
; WRCONTROL_ACLR_A                   ; NONE                 ; Untyped                                        ;
; INDATA_ACLR_A                      ; NONE                 ; Untyped                                        ;
; BYTEENA_ACLR_A                     ; NONE                 ; Untyped                                        ;
; WIDTH_B                            ; 8                    ; Untyped                                        ;
; WIDTHAD_B                          ; 8                    ; Untyped                                        ;
; NUMWORDS_B                         ; 256                  ; Untyped                                        ;
; INDATA_REG_B                       ; CLOCK1               ; Untyped                                        ;
; WRCONTROL_WRADDRESS_REG_B          ; CLOCK1               ; Untyped                                        ;
; RDCONTROL_REG_B                    ; CLOCK1               ; Untyped                                        ;
; ADDRESS_REG_B                      ; CLOCK1               ; Untyped                                        ;
; OUTDATA_REG_B                      ; UNREGISTERED         ; Untyped                                        ;
; BYTEENA_REG_B                      ; CLOCK1               ; Untyped                                        ;
; INDATA_ACLR_B                      ; NONE                 ; Untyped                                        ;
; WRCONTROL_ACLR_B                   ; NONE                 ; Untyped                                        ;
; ADDRESS_ACLR_B                     ; NONE                 ; Untyped                                        ;
; OUTDATA_ACLR_B                     ; NONE                 ; Untyped                                        ;
; RDCONTROL_ACLR_B                   ; NONE                 ; Untyped                                        ;
; BYTEENA_ACLR_B                     ; NONE                 ; Untyped                                        ;
; WIDTH_BYTEENA_A                    ; 1                    ; Untyped                                        ;
; WIDTH_BYTEENA_B                    ; 1                    ; Untyped                                        ;
; RAM_BLOCK_TYPE                     ; AUTO                 ; Untyped                                        ;
; BYTE_SIZE                          ; 8                    ; Untyped                                        ;
; READ_DURING_WRITE_MODE_MIXED_PORTS ; DONT_CARE            ; Untyped                                        ;
; READ_DURING_WRITE_MODE_PORT_A      ; NEW_DATA_NO_NBE_READ ; Untyped                                        ;
; READ_DURING_WRITE_MODE_PORT_B      ; NEW_DATA_NO_NBE_READ ; Untyped                                        ;
; INIT_FILE                          ; UNUSED               ; Untyped                                        ;
; INIT_FILE_LAYOUT                   ; PORT_A               ; Untyped                                        ;
; MAXIMUM_DEPTH                      ; 0                    ; Untyped                                        ;
; CLOCK_ENABLE_INPUT_A               ; NORMAL               ; Untyped                                        ;
; CLOCK_ENABLE_INPUT_B               ; NORMAL               ; Untyped                                        ;
; CLOCK_ENABLE_OUTPUT_A              ; NORMAL               ; Untyped                                        ;
; CLOCK_ENABLE_OUTPUT_B              ; NORMAL               ; Untyped                                        ;
; CLOCK_ENABLE_CORE_A                ; USE_INPUT_CLKEN      ; Untyped                                        ;
; CLOCK_ENABLE_CORE_B                ; USE_INPUT_CLKEN      ; Untyped                                        ;
; ENABLE_ECC                         ; FALSE                ; Untyped                                        ;
; DEVICE_FAMILY                      ; Cyclone II           ; Untyped                                        ;
; CBXI_PARAMETER                     ; altsyncram_jpg2      ; Untyped                                        ;
+------------------------------------+----------------------+------------------------------------------------+
Note: In order to hide this table in the UI and the text report file, please set the "Show Parameter Settings Tables in Synthesis Report" option in "Analysis and Synthesis Settings -> More Settings" to "Off".


+------------------------------------------------------------------------------------------------------------+
; Parameter Settings for User Entity Instance: ram_dq_8_1:Generate_mem_1_u_mem0_mem|altsyncram:ix64056z29482 ;
+------------------------------------+----------------------+------------------------------------------------+
; Parameter Name                     ; Value                ; Type                                           ;
+------------------------------------+----------------------+------------------------------------------------+
; BYTE_SIZE_BLOCK                    ; 8                    ; Untyped                                        ;
; AUTO_CARRY_CHAINS                  ; ON                   ; AUTO_CARRY                                     ;
; IGNORE_CARRY_BUFFERS               ; OFF                  ; IGNORE_CARRY                                   ;
; AUTO_CASCADE_CHAINS                ; ON                   ; AUTO_CASCADE                                   ;
; IGNORE_CASCADE_BUFFERS             ; OFF                  ; IGNORE_CASCADE                                 ;
; WIDTH_BYTEENA                      ; 1                    ; Untyped                                        ;
; OPERATION_MODE                     ; SINGLE_PORT          ; Untyped                                        ;
; WIDTH_A                            ; 8                    ; Untyped                                        ;
; WIDTHAD_A                          ; 8                    ; Untyped                                        ;
; NUMWORDS_A                         ; 256                  ; Untyped                                        ;
; OUTDATA_REG_A                      ; UNREGISTERED         ; Untyped                                        ;
; ADDRESS_ACLR_A                     ; NONE                 ; Untyped                                        ;
; OUTDATA_ACLR_A                     ; NONE                 ; Untyped                                        ;
; WRCONTROL_ACLR_A                   ; NONE                 ; Untyped                                        ;
; INDATA_ACLR_A                      ; NONE                 ; Untyped                                        ;
; BYTEENA_ACLR_A                     ; NONE                 ; Untyped                                        ;
; WIDTH_B                            ; 8                    ; Untyped                                        ;
; WIDTHAD_B                          ; 8                    ; Untyped                                        ;
; NUMWORDS_B                         ; 256                  ; Untyped                                        ;
; INDATA_REG_B                       ; CLOCK1               ; Untyped                                        ;
; WRCONTROL_WRADDRESS_REG_B          ; CLOCK1               ; Untyped                                        ;
; RDCONTROL_REG_B                    ; CLOCK1               ; Untyped                                        ;
; ADDRESS_REG_B                      ; CLOCK1               ; Untyped                                        ;
; OUTDATA_REG_B                      ; UNREGISTERED         ; Untyped                                        ;
; BYTEENA_REG_B                      ; CLOCK1               ; Untyped                                        ;
; INDATA_ACLR_B                      ; NONE                 ; Untyped                                        ;
; WRCONTROL_ACLR_B                   ; NONE                 ; Untyped                                        ;
; ADDRESS_ACLR_B                     ; NONE                 ; Untyped                                        ;
; OUTDATA_ACLR_B                     ; NONE                 ; Untyped                                        ;
; RDCONTROL_ACLR_B                   ; NONE                 ; Untyped                                        ;
; BYTEENA_ACLR_B                     ; NONE                 ; Untyped                                        ;
; WIDTH_BYTEENA_A                    ; 1                    ; Untyped                                        ;
; WIDTH_BYTEENA_B                    ; 1                    ; Untyped                                        ;
; RAM_BLOCK_TYPE                     ; AUTO                 ; Untyped                                        ;
; BYTE_SIZE                          ; 8                    ; Untyped                                        ;
; READ_DURING_WRITE_MODE_MIXED_PORTS ; DONT_CARE            ; Untyped                                        ;
; READ_DURING_WRITE_MODE_PORT_A      ; NEW_DATA_NO_NBE_READ ; Untyped                                        ;
; READ_DURING_WRITE_MODE_PORT_B      ; NEW_DATA_NO_NBE_READ ; Untyped                                        ;
; INIT_FILE                          ; UNUSED               ; Untyped                                        ;
; INIT_FILE_LAYOUT                   ; PORT_A               ; Untyped                                        ;
; MAXIMUM_DEPTH                      ; 0                    ; Untyped                                        ;
; CLOCK_ENABLE_INPUT_A               ; NORMAL               ; Untyped                                        ;
; CLOCK_ENABLE_INPUT_B               ; NORMAL               ; Untyped                                        ;
; CLOCK_ENABLE_OUTPUT_A              ; NORMAL               ; Untyped                                        ;
; CLOCK_ENABLE_OUTPUT_B              ; NORMAL               ; Untyped                                        ;
; CLOCK_ENABLE_CORE_A                ; USE_INPUT_CLKEN      ; Untyped                                        ;
; CLOCK_ENABLE_CORE_B                ; USE_INPUT_CLKEN      ; Untyped                                        ;
; ENABLE_ECC                         ; FALSE                ; Untyped                                        ;
; DEVICE_FAMILY                      ; Cyclone II           ; Untyped                                        ;
; CBXI_PARAMETER                     ; altsyncram_jpg2      ; Untyped                                        ;
+------------------------------------+----------------------+------------------------------------------------+
Note: In order to hide this table in the UI and the text report file, please set the "Show Parameter Settings Tables in Synthesis Report" option in "Analysis and Synthesis Settings -> More Settings" to "Off".


+------------------------------------------------------------------------------------------------------------+
; Parameter Settings for User Entity Instance: ram_dq_8_2:Generate_mem_2_u_mem0_mem|altsyncram:ix64056z29483 ;
+------------------------------------+----------------------+------------------------------------------------+
; Parameter Name                     ; Value                ; Type                                           ;
+------------------------------------+----------------------+------------------------------------------------+
; BYTE_SIZE_BLOCK                    ; 8                    ; Untyped                                        ;
; AUTO_CARRY_CHAINS                  ; ON                   ; AUTO_CARRY                                     ;
; IGNORE_CARRY_BUFFERS               ; OFF                  ; IGNORE_CARRY                                   ;
; AUTO_CASCADE_CHAINS                ; ON                   ; AUTO_CASCADE                                   ;
; IGNORE_CASCADE_BUFFERS             ; OFF                  ; IGNORE_CASCADE                                 ;
; WIDTH_BYTEENA                      ; 1                    ; Untyped                                        ;
; OPERATION_MODE                     ; SINGLE_PORT          ; Untyped                                        ;
; WIDTH_A                            ; 8                    ; Untyped                                        ;
; WIDTHAD_A                          ; 8                    ; Untyped                                        ;
; NUMWORDS_A                         ; 256                  ; Untyped                                        ;
; OUTDATA_REG_A                      ; UNREGISTERED         ; Untyped                                        ;
; ADDRESS_ACLR_A                     ; NONE                 ; Untyped                                        ;
; OUTDATA_ACLR_A                     ; NONE                 ; Untyped                                        ;
; WRCONTROL_ACLR_A                   ; NONE                 ; Untyped                                        ;
; INDATA_ACLR_A                      ; NONE                 ; Untyped                                        ;
; BYTEENA_ACLR_A                     ; NONE                 ; Untyped                                        ;
; WIDTH_B                            ; 8                    ; Untyped                                        ;
; WIDTHAD_B                          ; 8                    ; Untyped                                        ;
; NUMWORDS_B                         ; 256                  ; Untyped                                        ;
; INDATA_REG_B                       ; CLOCK1               ; Untyped                                        ;
; WRCONTROL_WRADDRESS_REG_B          ; CLOCK1               ; Untyped                                        ;
; RDCONTROL_REG_B                    ; CLOCK1               ; Untyped                                        ;
; ADDRESS_REG_B                      ; CLOCK1               ; Untyped                                        ;
; OUTDATA_REG_B                      ; UNREGISTERED         ; Untyped                                        ;
; BYTEENA_REG_B                      ; CLOCK1               ; Untyped                                        ;
; INDATA_ACLR_B                      ; NONE                 ; Untyped                                        ;
; WRCONTROL_ACLR_B                   ; NONE                 ; Untyped                                        ;
; ADDRESS_ACLR_B                     ; NONE                 ; Untyped                                        ;
; OUTDATA_ACLR_B                     ; NONE                 ; Untyped                                        ;
; RDCONTROL_ACLR_B                   ; NONE                 ; Untyped                                        ;
; BYTEENA_ACLR_B                     ; NONE                 ; Untyped                                        ;
; WIDTH_BYTEENA_A                    ; 1                    ; Untyped                                        ;
; WIDTH_BYTEENA_B                    ; 1                    ; Untyped                                        ;
; RAM_BLOCK_TYPE                     ; AUTO                 ; Untyped                                        ;
; BYTE_SIZE                          ; 8                    ; Untyped                                        ;
; READ_DURING_WRITE_MODE_MIXED_PORTS ; DONT_CARE            ; Untyped                                        ;
; READ_DURING_WRITE_MODE_PORT_A      ; NEW_DATA_NO_NBE_READ ; Untyped                                        ;
; READ_DURING_WRITE_MODE_PORT_B      ; NEW_DATA_NO_NBE_READ ; Untyped                                        ;
; INIT_FILE                          ; UNUSED               ; Untyped                                        ;
; INIT_FILE_LAYOUT                   ; PORT_A               ; Untyped                                        ;
; MAXIMUM_DEPTH                      ; 0                    ; Untyped                                        ;
; CLOCK_ENABLE_INPUT_A               ; NORMAL               ; Untyped                                        ;
; CLOCK_ENABLE_INPUT_B               ; NORMAL               ; Untyped                                        ;
; CLOCK_ENABLE_OUTPUT_A              ; NORMAL               ; Untyped                                        ;
; CLOCK_ENABLE_OUTPUT_B              ; NORMAL               ; Untyped                                        ;
; CLOCK_ENABLE_CORE_A                ; USE_INPUT_CLKEN      ; Untyped                                        ;
; CLOCK_ENABLE_CORE_B                ; USE_INPUT_CLKEN      ; Untyped                                        ;
; ENABLE_ECC                         ; FALSE                ; Untyped                                        ;
; DEVICE_FAMILY                      ; Cyclone II           ; Untyped                                        ;
; CBXI_PARAMETER                     ; altsyncram_jpg2      ; Untyped                                        ;
+------------------------------------+----------------------+------------------------------------------------+
Note: In order to hide this table in the UI and the text report file, please set the "Show Parameter Settings Tables in Synthesis Report" option in "Analysis and Synthesis Settings -> More Settings" to "Off".


+-----------------------------------------------------------------------------------------------------------+
; altsyncram Parameter Settings by Entity Instance                                                          ;
+-------------------------------------------+---------------------------------------------------------------+
; Name                                      ; Value                                                         ;
+-------------------------------------------+---------------------------------------------------------------+
; Number of entity instances                ; 3                                                             ;
; Entity Instance                           ; ram_dq_8_0:Generate_mem_0_u_mem0_mem|altsyncram:ix64056z29481 ;
;     -- OPERATION_MODE                     ; SINGLE_PORT                                                   ;
;     -- WIDTH_A                            ; 8                                                             ;
;     -- NUMWORDS_A                         ; 256                                                           ;
;     -- OUTDATA_REG_A                      ; UNREGISTERED                                                  ;
;     -- WIDTH_B                            ; 8                                                             ;
;     -- NUMWORDS_B                         ; 256                                                           ;
;     -- ADDRESS_REG_B                      ; CLOCK1                                                        ;
;     -- OUTDATA_REG_B                      ; UNREGISTERED                                                  ;
;     -- RAM_BLOCK_TYPE                     ; AUTO                                                          ;
;     -- READ_DURING_WRITE_MODE_MIXED_PORTS ; DONT_CARE                                                     ;
; Entity Instance                           ; ram_dq_8_1:Generate_mem_1_u_mem0_mem|altsyncram:ix64056z29482 ;
;     -- OPERATION_MODE                     ; SINGLE_PORT                                                   ;
;     -- WIDTH_A                            ; 8                                                             ;
;     -- NUMWORDS_A                         ; 256                                                           ;
;     -- OUTDATA_REG_A                      ; UNREGISTERED                                                  ;
;     -- WIDTH_B                            ; 8                                                             ;
;     -- NUMWORDS_B                         ; 256                                                           ;
;     -- ADDRESS_REG_B                      ; CLOCK1                                                        ;
;     -- OUTDATA_REG_B                      ; UNREGISTERED                                                  ;
;     -- RAM_BLOCK_TYPE                     ; AUTO                                                          ;
;     -- READ_DURING_WRITE_MODE_MIXED_PORTS ; DONT_CARE                                                     ;
; Entity Instance                           ; ram_dq_8_2:Generate_mem_2_u_mem0_mem|altsyncram:ix64056z29483 ;
;     -- OPERATION_MODE                     ; SINGLE_PORT                                                   ;
;     -- WIDTH_A                            ; 8                                                             ;
;     -- NUMWORDS_A                         ; 256                                                           ;
;     -- OUTDATA_REG_A                      ; UNREGISTERED                                                  ;
;     -- WIDTH_B                            ; 8                                                             ;
;     -- NUMWORDS_B                         ; 256                                                           ;
;     -- ADDRESS_REG_B                      ; CLOCK1                                                        ;
;     -- OUTDATA_REG_B                      ; UNREGISTERED                                                  ;
;     -- RAM_BLOCK_TYPE                     ; AUTO                                                          ;
;     -- READ_DURING_WRITE_MODE_MIXED_PORTS ; DONT_CARE                                                     ;
+-------------------------------------------+---------------------------------------------------------------+


+-------------------------------+
; Analysis & Synthesis Messages ;
+-------------------------------+
Info: *******************************************************************
Info: Running Quartus II Analysis & Synthesis
    Info: Version 9.0 Build 132 02/25/2009 SJ Full Version
    Info: Copyright (C) 1991-2009 Altera Corporation. All rights reserved.
    Info: Your use of Altera Corporation's design tools, logic functions 
    Info: and other software and tools, and its AMPP partner logic 
    Info: functions, and any output files from any of the foregoing 
    Info: (including device programming or simulation files), and any 
    Info: associated documentation or information are expressly subject 
    Info: to the terms and conditions of the Altera Program License 
    Info: Subscription Agreement, Altera MegaCore Function License 
    Info: Agreement, or other applicable license agreement, including, 
    Info: without limitation, that your use is for the sole purpose of 
    Info: programming logic devices manufactured by Altera and sold by 
    Info: Altera or its authorized distributors.  Please refer to the 
    Info: applicable agreement for further details.
    Info: Processing started: Wed Jul 23 13:12:03 2014
Info: Command: quartus_map kirsch --source=kirsch_logic.edf --family=CycloneII
Info: Found 22 design units, including 22 entities, in source file kirsch_logic.edf
    Info: Found entity 1: add_10_0
    Info: Found entity 2: add_11_0
    Info: Found entity 3: add_12_0
    Info: Found entity 4: add_8_0
    Info: Found entity 5: add_9_0
    Info: Found entity 6: add_9_1
    Info: Found entity 7: add_9_2
    Info: Found entity 8: add_9_3
    Info: Found entity 9: gt_10_0
    Info: Found entity 10: gt_10_1
    Info: Found entity 11: gt_10_2
    Info: Found entity 12: gt_8_0
    Info: Found entity 13: gt_8_1
    Info: Found entity 14: gt_8_2
    Info: Found entity 15: gt_8_3
    Info: Found entity 16: modgen_counter_8_0
    Info: Found entity 17: modgen_counter_8_1
    Info: Found entity 18: ram_dq_8_0
    Info: Found entity 19: ram_dq_8_1
    Info: Found entity 20: ram_dq_8_2
    Info: Found entity 21: sub_12_0
    Info: Found entity 22: kirsch
Info: Elaborating entity "kirsch" for the top level hierarchy
Warning: EDA design entry or synthesis tool was not specified.  Detecting EDA tool "Precision Synthesis" as the tool that generated the EDIF Input File.
Info: Elaborating entity "add_9_1" for hierarchy "add_9_1:b_d1_add9_7i10"
Warning: EDA design entry or synthesis tool was not specified.  Detecting EDA tool "Precision Synthesis" as the tool that generated the EDIF Input File.
Info: Elaborating entity "ram_dq_8_0" for hierarchy "ram_dq_8_0:Generate_mem_0_u_mem0_mem"
Warning: EDA design entry or synthesis tool was not specified.  Detecting EDA tool "Precision Synthesis" as the tool that generated the EDIF Input File.
Info: Elaborating entity "altsyncram" for hierarchy "ram_dq_8_0:Generate_mem_0_u_mem0_mem|altsyncram:ix64056z29481"
Info: Elaborated megafunction instantiation "ram_dq_8_0:Generate_mem_0_u_mem0_mem|altsyncram:ix64056z29481"
Info: Instantiated megafunction "ram_dq_8_0:Generate_mem_0_u_mem0_mem|altsyncram:ix64056z29481" with the following parameter:
    Info: Parameter "init_file_layout" = "UNUSED"
    Info: Parameter "numwords_b" = "256"
    Info: Parameter "outdata_reg_b" = "UNREGISTERED"
    Info: Parameter "width_a" = "8"
    Info: Parameter "byteena_aclr_a" = "NONE"
    Info: Parameter "rdcontrol_aclr_b" = "NONE"
    Info: Parameter "width_b" = "8"
    Info: Parameter "byteena_aclr_b" = "NONE"
    Info: Parameter "indata_aclr_a" = "NONE"
    Info: Parameter "maximum_depth" = "0"
    Info: Parameter "indata_aclr_b" = "NONE"
    Info: Parameter "init_file" = "UNUSED"
    Info: Parameter "intended_device_family" = "Stratix"
    Info: Parameter "outdata_aclr_a" = "NONE"
    Info: Parameter "ram_block_type" = "AUTO"
    Info: Parameter "wrcontrol_aclr_a" = "NONE"
    Info: Parameter "address_reg_b" = "CLOCK1"
    Info: Parameter "outdata_aclr_b" = "NONE"
    Info: Parameter "wrcontrol_aclr_b" = "NONE"
    Info: Parameter "operation_mode" = "SINGLE_PORT"
    Info: Parameter "rdcontrol_reg_b" = "CLOCK1"
    Info: Parameter "widthad_a" = "8"
    Info: Parameter "byte_size" = "8"
    Info: Parameter "byteena_reg_b" = "CLOCK1"
    Info: Parameter "widthad_b" = "8"
    Info: Parameter "wrcontrol_wraddress_reg_b" = "CLOCK1"
    Info: Parameter "address_aclr_a" = "NONE"
    Info: Parameter "indata_reg_b" = "CLOCK1"
    Info: Parameter "numwords_a" = "256"
    Info: Parameter "outdata_reg_a" = "UNREGISTERED"
    Info: Parameter "read_during_write_mode_mixed_ports" = "DONT_CARE"
    Info: Parameter "width_byteena_a" = "1"
    Info: Parameter "address_aclr_b" = "NONE"
    Info: Parameter "width_byteena_b" = "1"
Info: Found 1 design units, including 1 entities, in source file db/altsyncram_jpg2.tdf
    Info: Found entity 1: altsyncram_jpg2
Info: Elaborating entity "altsyncram_jpg2" for hierarchy "ram_dq_8_0:Generate_mem_0_u_mem0_mem|altsyncram:ix64056z29481|altsyncram_jpg2:auto_generated"
Info: Elaborating entity "ram_dq_8_1" for hierarchy "ram_dq_8_1:Generate_mem_1_u_mem0_mem"
Warning: EDA design entry or synthesis tool was not specified.  Detecting EDA tool "Precision Synthesis" as the tool that generated the EDIF Input File.
Info: Elaborating entity "ram_dq_8_2" for hierarchy "ram_dq_8_2:Generate_mem_2_u_mem0_mem"
Warning: EDA design entry or synthesis tool was not specified.  Detecting EDA tool "Precision Synthesis" as the tool that generated the EDIF Input File.
Info: Elaborating entity "gt_10_0" for hierarchy "gt_10_0:ix17266z52808"
Warning: EDA design entry or synthesis tool was not specified.  Detecting EDA tool "Precision Synthesis" as the tool that generated the EDIF Input File.
Info: Elaborating entity "gt_10_2" for hierarchy "gt_10_2:ix23013z52805"
Warning: EDA design entry or synthesis tool was not specified.  Detecting EDA tool "Precision Synthesis" as the tool that generated the EDIF Input File.
Info: Elaborating entity "gt_8_0" for hierarchy "gt_8_0:ix250z18831"
Warning: EDA design entry or synthesis tool was not specified.  Detecting EDA tool "Precision Synthesis" as the tool that generated the EDIF Input File.
Info: Elaborating entity "gt_8_1" for hierarchy "gt_8_1:ix27953z18832"
Warning: EDA design entry or synthesis tool was not specified.  Detecting EDA tool "Precision Synthesis" as the tool that generated the EDIF Input File.
Info: Elaborating entity "gt_10_1" for hierarchy "gt_10_1:ix42030z52807"
Warning: EDA design entry or synthesis tool was not specified.  Detecting EDA tool "Precision Synthesis" as the tool that generated the EDIF Input File.
Info: Elaborating entity "gt_8_3" for hierarchy "gt_8_3:ix48448z18833"
Warning: EDA design entry or synthesis tool was not specified.  Detecting EDA tool "Precision Synthesis" as the tool that generated the EDIF Input File.
Info: Elaborating entity "gt_8_2" for hierarchy "gt_8_2:ix7380z18833"
Warning: EDA design entry or synthesis tool was not specified.  Detecting EDA tool "Precision Synthesis" as the tool that generated the EDIF Input File.
Info: Elaborating entity "modgen_counter_8_0" for hierarchy "modgen_counter_8_0:modgen_counter_col"
Warning: EDA design entry or synthesis tool was not specified.  Detecting EDA tool "Precision Synthesis" as the tool that generated the EDIF Input File.
Info: Elaborating entity "modgen_counter_8_1" for hierarchy "modgen_counter_8_1:modgen_counter_o_row"
Warning: EDA design entry or synthesis tool was not specified.  Detecting EDA tool "Precision Synthesis" as the tool that generated the EDIF Input File.
Info: Elaborating entity "add_10_0" for hierarchy "add_10_0:r14_add10_8i3"
Warning: EDA design entry or synthesis tool was not specified.  Detecting EDA tool "Precision Synthesis" as the tool that generated the EDIF Input File.
Info: Elaborating entity "add_9_2" for hierarchy "add_9_2:r16_add9_7i11"
Warning: EDA design entry or synthesis tool was not specified.  Detecting EDA tool "Precision Synthesis" as the tool that generated the EDIF Input File.
Info: Elaborating entity "sub_12_0" for hierarchy "sub_12_0:r17_sub13_10i1"
Warning: EDA design entry or synthesis tool was not specified.  Detecting EDA tool "Precision Synthesis" as the tool that generated the EDIF Input File.
Info: Elaborating entity "add_8_0" for hierarchy "add_8_0:r2_add8_6i49"
Warning: EDA design entry or synthesis tool was not specified.  Detecting EDA tool "Precision Synthesis" as the tool that generated the EDIF Input File.
Info: Elaborating entity "add_11_0" for hierarchy "add_11_0:x_r12_add11_8i4"
Warning: EDA design entry or synthesis tool was not specified.  Detecting EDA tool "Precision Synthesis" as the tool that generated the EDIF Input File.
Info: Elaborating entity "add_12_0" for hierarchy "add_12_0:x_r22_add12_8i1"
Warning: EDA design entry or synthesis tool was not specified.  Detecting EDA tool "Precision Synthesis" as the tool that generated the EDIF Input File.
Info: Elaborating entity "add_9_0" for hierarchy "add_9_0:x_r3_add9_7i9"
Warning: EDA design entry or synthesis tool was not specified.  Detecting EDA tool "Precision Synthesis" as the tool that generated the EDIF Input File.
Info: Elaborating entity "add_9_3" for hierarchy "add_9_3:x_r6_add9_8i2"
Warning: EDA design entry or synthesis tool was not specified.  Detecting EDA tool "Precision Synthesis" as the tool that generated the EDIF Input File.
Warning: Design contains 21 input pin(s) that do not drive logic
    Warning (15610): No output dependent on input pin "debug_key[1]"
    Warning (15610): No output dependent on input pin "debug_key[2]"
    Warning (15610): No output dependent on input pin "debug_key[3]"
    Warning (15610): No output dependent on input pin "debug_switch[0]"
    Warning (15610): No output dependent on input pin "debug_switch[1]"
    Warning (15610): No output dependent on input pin "debug_switch[2]"
    Warning (15610): No output dependent on input pin "debug_switch[3]"
    Warning (15610): No output dependent on input pin "debug_switch[4]"
    Warning (15610): No output dependent on input pin "debug_switch[5]"
    Warning (15610): No output dependent on input pin "debug_switch[6]"
    Warning (15610): No output dependent on input pin "debug_switch[7]"
    Warning (15610): No output dependent on input pin "debug_switch[8]"
    Warning (15610): No output dependent on input pin "debug_switch[9]"
    Warning (15610): No output dependent on input pin "debug_switch[10]"
    Warning (15610): No output dependent on input pin "debug_switch[11]"
    Warning (15610): No output dependent on input pin "debug_switch[12]"
    Warning (15610): No output dependent on input pin "debug_switch[13]"
    Warning (15610): No output dependent on input pin "debug_switch[14]"
    Warning (15610): No output dependent on input pin "debug_switch[15]"
    Warning (15610): No output dependent on input pin "debug_switch[16]"
    Warning (15610): No output dependent on input pin "debug_switch[17]"
Info: Implemented 598 device resources after synthesis - the final resource count might be different
    Info: Implemented 32 input pins
    Info: Implemented 63 output pins
    Info: Implemented 479 logic cells
    Info: Implemented 24 RAM segments
Info: Quartus II Analysis & Synthesis was successful. 0 errors, 45 warnings
    Info: Peak virtual memory: 189 megabytes
    Info: Processing ended: Wed Jul 23 13:12:05 2014
    Info: Elapsed time: 00:00:02
    Info: Total CPU time (on all processors): 00:00:02


