Flow report for top_kirsch
Wed Jul 23 13:19:08 2014
Quartus II Version 10.1 Build 197 01/19/2011 Service Pack 1 SJ Full Version


---------------------
; Table of Contents ;
---------------------
  1. Legal Notice
  2. Flow Summary
  3. Flow Settings
  4. Flow Non-Default Global Settings
  5. Flow Elapsed Time
  6. Flow OS Summary
  7. Flow Log



----------------
; Legal Notice ;
----------------
Copyright (C) 1991-2011 Altera Corporation
Your use of Altera Corporation's design tools, logic functions 
and other software and tools, and its AMPP partner logic 
functions, and any output files from any of the foregoing 
(including device programming or simulation files), and any 
associated documentation or information are expressly subject 
to the terms and conditions of the Altera Program License 
Subscription Agreement, Altera MegaCore Function License 
Agreement, or other applicable license agreement, including, 
without limitation, that your use is for the sole purpose of 
programming logic devices manufactured by Altera and sold by 
Altera or its authorized distributors.  Please refer to the 
applicable agreement for further details.



+-------------------------------------------------------------------------------------+
; Flow Summary                                                                        ;
+------------------------------------+------------------------------------------------+
; Flow Status                        ; Successful - Wed Jul 23 13:19:08 2014          ;
; Quartus II Version                 ; 10.1 Build 197 01/19/2011 SP 1 SJ Full Version ;
; Revision Name                      ; top_kirsch                                     ;
; Top-level Entity Name              ; top_kirsch                                     ;
; Family                             ; Cyclone II                                     ;
; Total logic elements               ; 550 / 33,216 ( 2 % )                           ;
;     Total combinational functions  ; 420 / 33,216 ( 1 % )                           ;
;     Dedicated logic registers      ; 424 / 33,216 ( 1 % )                           ;
; Total registers                    ; 424                                            ;
; Total pins                         ; 115 / 475 ( 24 % )                             ;
; Total virtual pins                 ; 0                                              ;
; Total memory bits                  ; 6,144 / 483,840 ( 1 % )                        ;
; Embedded Multiplier 9-bit elements ; 0 / 70 ( 0 % )                                 ;
; Total PLLs                         ; 0 / 4 ( 0 % )                                  ;
; Device                             ; EP2C35F672C7                                   ;
; Timing Models                      ; Final                                          ;
+------------------------------------+------------------------------------------------+


+-----------------------------------------+
; Flow Settings                           ;
+-------------------+---------------------+
; Option            ; Setting             ;
+-------------------+---------------------+
; Start date & time ; 07/23/2014 13:18:29 ;
; Main task         ; Compilation         ;
; Revision Name     ; top_kirsch          ;
+-------------------+---------------------+


+----------------------------------------------------------------------------------------------------+
; Flow Non-Default Global Settings                                                                   ;
+-----------------------+---------------------------------+---------------+-------------+------------+
; Assignment Name       ; Value                           ; Default Value ; Entity Name ; Section Id ;
+-----------------------+---------------------------------+---------------+-------------+------------+
; COMPILER_SIGNATURE_ID ; 220314655609253.140613590908104 ; --            ; --          ; --         ;
+-----------------------+---------------------------------+---------------+-------------+------------+


+--------------------------------------------------------------------------------------------------------------------------+
; Flow Elapsed Time                                                                                                        ;
+----------------------+--------------+-------------------------+---------------------+------------------------------------+
; Module Name          ; Elapsed Time ; Average Processors Used ; Peak Virtual Memory ; Total CPU Time (on all processors) ;
+----------------------+--------------+-------------------------+---------------------+------------------------------------+
; Analysis & Synthesis ; 00:00:07     ; 1.0                     ; 272 MB              ; 00:00:02                           ;
; Fitter               ; 00:00:08     ; 1.3                     ; 371 MB              ; 00:00:06                           ;
; Assembler            ; 00:00:06     ; 1.0                     ; 303 MB              ; 00:00:03                           ;
; EDA Netlist Writer   ; 00:00:04     ; 1.0                     ; 237 MB              ; 00:00:01                           ;
; EDA Netlist Writer   ; 00:00:03     ; 1.0                     ; 237 MB              ; 00:00:01                           ;
; Total                ; 00:00:28     ; --                      ; --                  ; 00:00:13                           ;
+----------------------+--------------+-------------------------+---------------------+------------------------------------+


+-----------------------------------------------------------------------------------+
; Flow OS Summary                                                                   ;
+----------------------+------------------+-----------+------------+----------------+
; Module Name          ; Machine Hostname ; OS Name   ; OS Version ; Processor type ;
+----------------------+------------------+-----------+------------+----------------+
; Analysis & Synthesis ; ECE-RTOS6        ; Windows 7 ; 6.1        ; x86_64         ;
; Fitter               ; ECE-RTOS6        ; Windows 7 ; 6.1        ; x86_64         ;
; Assembler            ; ECE-RTOS6        ; Windows 7 ; 6.1        ; x86_64         ;
; EDA Netlist Writer   ; ECE-RTOS6        ; Windows 7 ; 6.1        ; x86_64         ;
; EDA Netlist Writer   ; ECE-RTOS6        ; Windows 7 ; 6.1        ; x86_64         ;
+----------------------+------------------+-----------+------------+----------------+


------------
; Flow Log ;
------------
quartus_map top_kirsch --source=top_kirsch_logic.edf --family=CycloneII
quartus_fit top_kirsch --effort=fast --part=EP2C35F672C7
quartus_asm top_kirsch
quartus_eda top_kirsch --simulation=on --tool=modelsim --format=vhdl
quartus_eda top_kirsch --simulation=on --tool=modelsim --format=verilog



