
**********************************************************

Library: OPERATORS    Cell: and_10u_10u    View: INTERFACE

**********************************************************

 Number of ports :                      11
 Number of nets :                        0
 Number of instances :                   0
 Number of references to this view :     1

Total accumulated area : 
 Black Box and_10u_10u :                 1

*******************************************************

Library: OPERATORS    Cell: or_5u_5u    View: INTERFACE

*******************************************************

 Number of ports :                       6
 Number of nets :                        0
 Number of instances :                   0
 Number of references to this view :     1

Total accumulated area : 
 Black Box or_5u_5u :                    1

****************************************************************

Library: OPERATORS    Cell: sub_12u_12u_12u_0    View: INTERFACE

****************************************************************

 Number of ports :                      38
 Number of nets :                       36
 Number of instances :                   0
 Number of references to this view :     1

Total accumulated area : 
 Black Box sub_12u_12u_12u_0 :           1

******************************************************************

Library: OPERATORS    Cell: add_12u_12u_12u_0_0    View: INTERFACE

******************************************************************

 Number of ports :                      38
 Number of nets :                        0
 Number of instances :                   0
 Number of references to this view :     1

Total accumulated area : 
 Black Box add_12u_12u_12u_0_0 :         1

******************************************************************

Library: OPERATORS    Cell: add_11u_11u_11u_0_0    View: INTERFACE

******************************************************************

 Number of ports :                      35
 Number of nets :                        0
 Number of instances :                   0
 Number of references to this view :     1

Total accumulated area : 
 Black Box add_11u_11u_11u_0_0 :         1

******************************************************************

Library: OPERATORS    Cell: add_10u_10u_10u_0_0    View: INTERFACE

******************************************************************

 Number of ports :                      32
 Number of nets :                        0
 Number of instances :                   0
 Number of references to this view :     1

Total accumulated area : 
 Black Box add_10u_10u_10u_0_0 :         1

***************************************************************

Library: OPERATORS    Cell: add_9u_9u_9u_0_0    View: INTERFACE

***************************************************************

 Number of ports :                      29
 Number of nets :                        0
 Number of instances :                   0
 Number of references to this view :     4

Total accumulated area : 
 Black Box add_9u_9u_9u_0_0 :            1

***************************************************************

Library: OPERATORS    Cell: add_8u_8u_8u_0_0    View: INTERFACE

***************************************************************

 Number of ports :                      26
 Number of nets :                        0
 Number of instances :                   0
 Number of references to this view :     1

Total accumulated area : 
 Black Box add_8u_8u_8u_0_0 :            1

*********************************************************************************

Library: OPERATORS    Cell: counter_up_cnt_en_sclear_clock_0_8    View: INTERFACE

*********************************************************************************

  Cell            Library  References     Total Area

 AND2             PRIMITIVES     8 x      1      8 AND2
 DFFE             PRIMITIVES     8 x      1      8 DFFE
 FALSE            PRIMITIVES     1 x      1      1 FALSE
 INV              PRIMITIVES     1 x      1      1 INV
 OR2              PRIMITIVES     1 x      1      1 OR2
 TRUE             PRIMITIVES     1 x      1      1 TRUE
 inc_8u_8u_0_0    OPERATORS      1 x      1      1 inc_8u_8u_0_0

 Number of ports :                      24
 Number of nets :                       31
 Number of instances :                  21
 Number of references to this view :     1

Total accumulated area : 
 Black Box AND2 :                        8
 Black Box DFFE :                        8
 Black Box FALSE :                       1
 Black Box INV :                         1
 Black Box OR2 :                         1
 Black Box TRUE :                        1
 Black Box inc_8u_8u_0_0 :               1
 Number of accumulated instances :      21

************************************************************

Library: OPERATORS    Cell: inc_8u_8u_0_0    View: INTERFACE

************************************************************

 Number of ports :                      18
 Number of nets :                       16
 Number of instances :                   0
 Number of references to this view :     2

Total accumulated area : 
 Number of inc_8u_8u_0_0 :               1

*********************************************************************************

Library: OPERATORS    Cell: counter_up_sclear_clock_clk_en_0_8    View: INTERFACE

*********************************************************************************

  Cell            Library  References     Total Area

 AND2             PRIMITIVES     8 x      1      8 AND2
 DFFE             PRIMITIVES     8 x      1      8 DFFE
 FALSE            PRIMITIVES     1 x      1      1 FALSE
 INV              PRIMITIVES     1 x      1      1 INV
 TRUE             PRIMITIVES     1 x      1      1 TRUE
 inc_8u_8u_0_0    OPERATORS      1 x      1      1 inc_8u_8u_0_0

 Number of ports :                      24
 Number of nets :                       30
 Number of instances :                  20
 Number of references to this view :     1

Total accumulated area : 
 Black Box AND2 :                        8
 Black Box DFFE :                        8
 Black Box FALSE :                       1
 Black Box INV :                         1
 Black Box TRUE :                        1
 Black Box inc_8u_8u_0_0 :               1
 Number of accumulated instances :      20

*******************************************************

Library: OPERATORS    Cell: or_3u_3u    View: INTERFACE

*******************************************************

 Number of ports :                       4
 Number of nets :                        0
 Number of instances :                   0
 Number of references to this view :     1

Total accumulated area : 
 Black Box or_3u_3u :                    1

********************************************************

Library: OPERATORS    Cell: and_4u_4u    View: INTERFACE

********************************************************

 Number of ports :                       5
 Number of nets :                        0
 Number of instances :                   0
 Number of references to this view :     1

Total accumulated area : 
 Black Box and_4u_4u :                   1

*********************************************************

Library: OPERATORS    Cell: gt_10u_10u    View: INTERFACE

*********************************************************

 Number of ports :                      21
 Number of nets :                        0
 Number of instances :                   0
 Number of references to this view :     3

Total accumulated area : 
 Black Box gt_10u_10u :                  1

*********************************************************

Library: OPERATORS    Cell: select_4_4    View: INTERFACE

*********************************************************

 Number of ports :                       9
 Number of nets :                        0
 Number of instances :                   0
 Number of references to this view :    16

Total accumulated area : 
 Black Box select_4_4 :                  1

********************************************************

Library: OPERATORS    Cell: and_3u_3u    View: INTERFACE

********************************************************

 Number of ports :                       4
 Number of nets :                        0
 Number of instances :                   0
 Number of references to this view :     5

Total accumulated area : 
 Black Box and_3u_3u :                   1

*******************************************************

Library: OPERATORS    Cell: gt_8u_8u    View: INTERFACE

*******************************************************

 Number of ports :                      17
 Number of nets :                        0
 Number of instances :                   0
 Number of references to this view :     4

Total accumulated area : 
 Black Box gt_8u_8u :                    1

*******************************************************

Library: OPERATORS    Cell: or_7u_7u    View: INTERFACE

*******************************************************

 Number of ports :                       8
 Number of nets :                        0
 Number of instances :                   0
 Number of references to this view :     2

Total accumulated area : 
 Black Box or_7u_7u :                    1

*******************************************************

Library: OPERATORS    Cell: or_8u_8u    View: INTERFACE

*******************************************************

 Number of ports :                       9
 Number of nets :                        0
 Number of instances :                   0
 Number of references to this view :     2

Total accumulated area : 
 Black Box or_8u_8u :                    1

********************************************************

Library: OPERATORS    Cell: mux_3u_3u    View: INTERFACE

********************************************************

 Number of ports :                       7
 Number of nets :                        0
 Number of instances :                   0
 Number of references to this view :    16

Total accumulated area : 
 Black Box mux_3u_3u :                   1

******************************************************************************

Library: OPERATORS    Cell: ram_new_0_mem_8_8_main    View: INTERFACE_unfold_1

******************************************************************************

  Cell                                  Library  References     Total Area

 AND2                                   PRIMITIVES     2 x      1      2 AND2
 DFF                                    PRIMITIVES     8 x      1      8 DFF
 FALSE                                  PRIMITIVES     1 x      1      1 FALSE
 TRUE                                   PRIMITIVES     1 x      1      1 TRUE
 clocked_ram_8_8_256_F_T_F_F_F_F_F_F    OPERATORS      1 x      1      1 clocked_ram_8_8_256_F_T_F_F_F_F_F_F

 Number of ports :                      31
 Number of nets :                       43
 Number of instances :                  13
 Number of references to this view :     1

Total accumulated area : 
 Black Box AND2 :                        2
 Black Box DFF :                         8
 Black Box FALSE :                       1
 Black Box TRUE :                        1
 Black Box clocked_ram_8_8_256_F_T_F_F_F_F_F_F :     1
 Number of accumulated instances :      13

********************************************

Library: work    Cell: mem_8_8    View: main

********************************************

  Cell                     Library  References     Total Area

 FALSE                     PRIMITIVES     1 x      1      1 FALSE
 TRUE                      PRIMITIVES     1 x      1      1 TRUE
 ram_new_0_mem_8_8_main    OPERATORS      1 x      2      2 AND2
                                                   1      1 clocked_ram_8_8_256_F_T_F_F_F_F_F_F
                                                   8      8 DFF
                                                   1      1 TRUE
                                                   1      1 FALSE

 Number of ports :                      26
 Number of nets :                       28
 Number of instances :                   3
 Number of references to this view :     1

Total accumulated area : 
 Black Box AND2 :                        2
 Black Box DFF :                         8
 Black Box FALSE :                       2
 Black Box TRUE :                        2
 Black Box clocked_ram_8_8_256_F_T_F_F_F_F_F_F :     1
 Number of accumulated instances :      15

*********************************************************************

Library: OPERATORS    Cell: ram_new_0_mem_8_8_main    View: INTERFACE

*********************************************************************

  Cell                                  Library  References     Total Area

 AND2                                   PRIMITIVES     2 x      1      2 AND2
 DFF                                    PRIMITIVES     8 x      1      8 DFF
 FALSE                                  PRIMITIVES     1 x      1      1 FALSE
 TRUE                                   PRIMITIVES     1 x      1      1 TRUE
 clocked_ram_8_8_256_F_T_F_F_F_F_F_F    OPERATORS      1 x      1      1 clocked_ram_8_8_256_F_T_F_F_F_F_F_F

 Number of ports :                      31
 Number of nets :                       43
 Number of instances :                  13
 Number of references to this view :     1

Total accumulated area : 
 Black Box AND2 :                        2
 Black Box DFF :                         8
 Black Box FALSE :                       1
 Black Box TRUE :                        1
 Black Box clocked_ram_8_8_256_F_T_F_F_F_F_F_F :     1
 Number of accumulated instances :      13

*****************************************************

Library: work    Cell: mem_8_8    View: main_unfold_2

*****************************************************

  Cell                     Library  References     Total Area

 FALSE                     PRIMITIVES     1 x      1      1 FALSE
 TRUE                      PRIMITIVES     1 x      1      1 TRUE
 ram_new_0_mem_8_8_main    OPERATORS      1 x      2      2 AND2
                                                   1      1 clocked_ram_8_8_256_F_T_F_F_F_F_F_F
                                                   8      8 DFF
                                                   1      1 TRUE
                                                   1      1 FALSE

 Number of ports :                      26
 Number of nets :                       28
 Number of instances :                   3
 Number of references to this view :     1

Total accumulated area : 
 Black Box AND2 :                        2
 Black Box DFF :                         8
 Black Box FALSE :                       2
 Black Box TRUE :                        2
 Black Box clocked_ram_8_8_256_F_T_F_F_F_F_F_F :     1
 Number of accumulated instances :      15

**********************************************************************************

Library: OPERATORS    Cell: clocked_ram_8_8_256_F_T_F_F_F_F_F_F    View: INTERFACE

**********************************************************************************

 Number of ports :                      34
 Number of nets :                        0
 Number of instances :                   0
 Number of references to this view :     3

Total accumulated area : 
 Number of clocked_ram_8_8_256_F_T_F_F_F_F_F_F :     1

******************************************************************************

Library: OPERATORS    Cell: ram_new_0_mem_8_8_main    View: INTERFACE_unfold_2

******************************************************************************

  Cell                                  Library  References     Total Area

 AND2                                   PRIMITIVES     2 x      1      2 AND2
 DFF                                    PRIMITIVES     8 x      1      8 DFF
 FALSE                                  PRIMITIVES     1 x      1      1 FALSE
 TRUE                                   PRIMITIVES     1 x      1      1 TRUE
 clocked_ram_8_8_256_F_T_F_F_F_F_F_F    OPERATORS      1 x      1      1 clocked_ram_8_8_256_F_T_F_F_F_F_F_F

 Number of ports :                      31
 Number of nets :                       43
 Number of instances :                  13
 Number of references to this view :     1

Total accumulated area : 
 Black Box AND2 :                        2
 Black Box DFF :                         8
 Black Box FALSE :                       1
 Black Box TRUE :                        1
 Black Box clocked_ram_8_8_256_F_T_F_F_F_F_F_F :     1
 Number of accumulated instances :      13

*****************************************************

Library: work    Cell: mem_8_8    View: main_unfold_1

*****************************************************

  Cell                     Library  References     Total Area

 FALSE                     PRIMITIVES     1 x      1      1 FALSE
 TRUE                      PRIMITIVES     1 x      1      1 TRUE
 ram_new_0_mem_8_8_main    OPERATORS      1 x      2      2 AND2
                                                   1      1 clocked_ram_8_8_256_F_T_F_F_F_F_F_F
                                                   8      8 DFF
                                                   1      1 TRUE
                                                   1      1 FALSE

 Number of ports :                      26
 Number of nets :                       28
 Number of instances :                   3
 Number of references to this view :     1

Total accumulated area : 
 Black Box AND2 :                        2
 Black Box DFF :                         8
 Black Box FALSE :                       2
 Black Box TRUE :                        2
 Black Box clocked_ram_8_8_256_F_T_F_F_F_F_F_F :     1
 Number of accumulated instances :      15

*******************************************

Library: work    Cell: kirsch    View: main

*******************************************

  Cell                                 Library  References     Total Area

 AND2                                  PRIMITIVES    19 x      1     19 AND2
 DFF                                   PRIMITIVES     3 x      1      3 DFF
 DFFE                                  PRIMITIVES   267 x      1    267 DFFE
 DFFRSE                                PRIMITIVES    13 x      1     13 DFFRSE
 FALSE                                 PRIMITIVES     1 x      1      1 FALSE
 INV                                   PRIMITIVES    21 x      1     21 INV
 MUX                                   PRIMITIVES    78 x      1     78 MUX
 OR2                                   PRIMITIVES     5 x      1      5 OR2
 TRI                                   PRIMITIVES    48 x      1     48 TRI
 TRUE                                  PRIMITIVES     1 x      1      1 TRUE
 add_10u_10u_10u_0_0                   OPERATORS      1 x      1      1 add_10u_10u_10u_0_0
 add_11u_11u_11u_0_0                   OPERATORS      1 x      1      1 add_11u_11u_11u_0_0
 add_12u_12u_12u_0_0                   OPERATORS      1 x      1      1 add_12u_12u_12u_0_0
 add_8u_8u_8u_0_0                      OPERATORS      1 x      1      1 add_8u_8u_8u_0_0
 add_9u_9u_9u_0_0                      OPERATORS      4 x      1      4 add_9u_9u_9u_0_0
 and_10u_10u                           OPERATORS      1 x      1      1 and_10u_10u
 and_3u_3u                             OPERATORS      5 x      1      5 and_3u_3u
 and_4u_4u                             OPERATORS      1 x      1      1 and_4u_4u
 counter_up_cnt_en_sclear_clock_0_8    OPERATORS      1 x      8      8 AND2
                                                               1      1 INV
                                                               1      1 TRUE
                                                               1      1 inc_8u_8u_0_0
                                                               8      8 DFFE
                                                               1      1 OR2
                                                               1      1 FALSE
 counter_up_sclear_clock_clk_en_0_8    OPERATORS      1 x      8      8 AND2
                                                               1      1 INV
                                                               1      1 TRUE
                                                               1      1 inc_8u_8u_0_0
                                                               8      8 DFFE
                                                               1      1 FALSE
 gt_10u_10u                            OPERATORS      3 x      1      3 gt_10u_10u
 gt_8u_8u                              OPERATORS      4 x      1      4 gt_8u_8u
 mem_8_8                               work           1 x      2      2 TRUE
                                                               8      8 DFF
                                                               1      1 clocked_ram_8_8_256_F_T_F_F_F_F_F_F
                                                               2      2 AND2
                                                               2      2 FALSE
 mem_8_8                               work           1 x      2      2 TRUE
                                                               8      8 DFF
                                                               1      1 clocked_ram_8_8_256_F_T_F_F_F_F_F_F
                                                               2      2 AND2
                                                               2      2 FALSE
 mem_8_8                               work           1 x      2      2 TRUE
                                                               8      8 DFF
                                                               1      1 clocked_ram_8_8_256_F_T_F_F_F_F_F_F
                                                               2      2 AND2
                                                               2      2 FALSE
 mux_3u_3u                             OPERATORS     16 x      1     16 mux_3u_3u
 or_3u_3u                              OPERATORS      1 x      1      1 or_3u_3u
 or_5u_5u                              OPERATORS      1 x      1      1 or_5u_5u
 or_7u_7u                              OPERATORS      2 x      1      2 or_7u_7u
 or_8u_8u                              OPERATORS      2 x      1      2 or_8u_8u
 select_4_4                            OPERATORS     16 x      1     16 select_4_4
 sub_12u_12u_12u_0                     OPERATORS      1 x      1      1 sub_12u_12u_12u_0

 Number of ports :                      95
 Number of nets :                      649
 Number of instances :                 522
 Number of references to this view :     0

Total accumulated area : 
 Black Box AND2 :                       41
 Black Box DFF :                        27
 Black Box DFFE :                      283
 Black Box DFFRSE :                     13
 Black Box FALSE :                       9
 Black Box INV :                        23
 Black Box MUX :                        78
 Black Box OR2 :                         6
 Black Box TRI :                        48
 Black Box TRUE :                        9
 Black Box add_10u_10u_10u_0_0 :         1
 Black Box add_11u_11u_11u_0_0 :         1
 Black Box add_12u_12u_12u_0_0 :         1
 Black Box add_8u_8u_8u_0_0 :            1
 Black Box add_9u_9u_9u_0_0 :            4
 Black Box and_10u_10u :                 1
 Black Box and_3u_3u :                   5
 Black Box and_4u_4u :                   1
 Black Box clocked_ram_8_8_256_F_T_F_F_F_F_F_F :     3
 Black Box gt_10u_10u :                  3
 Black Box gt_8u_8u :                    4
 Black Box inc_8u_8u_0_0 :               2
 Black Box mux_3u_3u :                  16
 Black Box or_3u_3u :                    1
 Black Box or_5u_5u :                    1
 Black Box or_7u_7u :                    2
 Black Box or_8u_8u :                    2
 Black Box select_4_4 :                 16
 Black Box sub_12u_12u_12u_0 :           1
 Number of accumulated instances :     603
